[0m15:21:39.555354 [debug] [MainThread]: Sending event: {'category': 'dbt', 'action': 'invocation', 'label': 'start', 'context': [<snowplow_tracker.self_describing_json.SelfDescribingJson object at 0x107c68550>, <snowplow_tracker.self_describing_json.SelfDescribingJson object at 0x107c6a810>, <snowplow_tracker.self_describing_json.SelfDescribingJson object at 0x107c54610>]}


============================== 15:21:39.557903 | f7a033d4-e5cf-44a4-9177-20dfd4acec07 ==============================
[0m15:21:39.557903 [info ] [MainThread]: Running with dbt=1.7.6
[0m15:21:39.558251 [debug] [MainThread]: running dbt with arguments {'printer_width': '80', 'indirect_selection': 'eager', 'log_cache_events': 'False', 'write_json': 'True', 'partial_parse': 'True', 'cache_selected_only': 'False', 'profiles_dir': '/Users/mattromano/.dbt', 'version_check': 'True', 'warn_error': 'None', 'log_path': '/Users/mattromano/Desktop/repos/fsc-evm/logs', 'debug': 'False', 'fail_fast': 'False', 'use_colors': 'True', 'use_experimental_parser': 'False', 'no_print': 'None', 'quiet': 'False', 'log_format': 'default', 'introspect': 'True', 'warn_error_options': 'WarnErrorOptions(include=[], exclude=[])', 'invocation_command': 'dbt clean', 'target_path': 'None', 'static_parser': 'True', 'send_anonymous_usage_stats': 'True'}
[0m15:21:39.625822 [debug] [MainThread]: Sending event: {'category': 'dbt', 'action': 'project_id', 'label': 'f7a033d4-e5cf-44a4-9177-20dfd4acec07', 'context': [<snowplow_tracker.self_describing_json.SelfDescribingJson object at 0x107c79f50>]}
[0m15:21:39.628244 [debug] [MainThread]: Resource report: {"command_name": "clean", "command_success": true, "command_wall_clock_time": 0.10487521, "process_user_time": 0.829793, "process_kernel_time": 0.098127, "process_mem_max_rss": "107577344", "process_in_blocks": "0", "process_out_blocks": "0"}
[0m15:21:39.628522 [debug] [MainThread]: Command `dbt clean` succeeded at 15:21:39.628463 after 0.11 seconds
[0m15:21:39.628701 [debug] [MainThread]: Sending event: {'category': 'dbt', 'action': 'invocation', 'label': 'end', 'context': [<snowplow_tracker.self_describing_json.SelfDescribingJson object at 0x106328490>, <snowplow_tracker.self_describing_json.SelfDescribingJson object at 0x107c6bc10>, <snowplow_tracker.self_describing_json.SelfDescribingJson object at 0x107c70050>]}
[0m15:21:39.628870 [debug] [MainThread]: Flushing usage events
[0m15:21:41.019474 [debug] [MainThread]: Sending event: {'category': 'dbt', 'action': 'invocation', 'label': 'start', 'context': [<snowplow_tracker.self_describing_json.SelfDescribingJson object at 0x107da16d0>, <snowplow_tracker.self_describing_json.SelfDescribingJson object at 0x107d9ed10>, <snowplow_tracker.self_describing_json.SelfDescribingJson object at 0x1068a3890>]}


============================== 15:21:41.021405 | a2b698ff-0882-45c5-9ac3-1ee08c1ff793 ==============================
[0m15:21:41.021405 [info ] [MainThread]: Running with dbt=1.7.6
[0m15:21:41.021733 [debug] [MainThread]: running dbt with arguments {'printer_width': '80', 'indirect_selection': 'eager', 'write_json': 'True', 'log_cache_events': 'False', 'partial_parse': 'True', 'cache_selected_only': 'False', 'profiles_dir': '/Users/mattromano/.dbt', 'fail_fast': 'False', 'warn_error': 'None', 'log_path': '/Users/mattromano/Desktop/repos/fsc-evm/logs', 'debug': 'False', 'version_check': 'True', 'use_colors': 'True', 'use_experimental_parser': 'False', 'no_print': 'None', 'quiet': 'False', 'warn_error_options': 'WarnErrorOptions(include=[], exclude=[])', 'introspect': 'True', 'log_format': 'default', 'invocation_command': 'dbt deps', 'target_path': 'None', 'static_parser': 'True', 'send_anonymous_usage_stats': 'True'}
[0m15:21:41.087989 [debug] [MainThread]: Sending event: {'category': 'dbt', 'action': 'project_id', 'label': 'a2b698ff-0882-45c5-9ac3-1ee08c1ff793', 'context': [<snowplow_tracker.self_describing_json.SelfDescribingJson object at 0x107d71790>]}
[0m15:21:41.088437 [info ] [MainThread]: Warning: No packages were found in packages.yml
[0m15:21:41.088805 [info ] [MainThread]: Warning: No packages were found in packages.yml
[0m15:21:41.089609 [debug] [MainThread]: Resource report: {"command_name": "deps", "command_success": true, "command_wall_clock_time": 0.09948321, "process_user_time": 0.829975, "process_kernel_time": 0.084228, "process_mem_max_rss": "107577344", "process_in_blocks": "0", "process_out_blocks": "0"}
[0m15:21:41.090125 [debug] [MainThread]: Command `dbt deps` succeeded at 15:21:41.090017 after 0.10 seconds
[0m15:21:41.090352 [debug] [MainThread]: Sending event: {'category': 'dbt', 'action': 'invocation', 'label': 'end', 'context': [<snowplow_tracker.self_describing_json.SelfDescribingJson object at 0x107d5aad0>, <snowplow_tracker.self_describing_json.SelfDescribingJson object at 0x107d7e2d0>, <snowplow_tracker.self_describing_json.SelfDescribingJson object at 0x10072e390>]}
[0m15:21:41.090562 [debug] [MainThread]: Flushing usage events
[0m15:21:42.445421 [debug] [MainThread]: Sending event: {'category': 'dbt', 'action': 'invocation', 'label': 'start', 'context': [<snowplow_tracker.self_describing_json.SelfDescribingJson object at 0x11486fa10>, <snowplow_tracker.self_describing_json.SelfDescribingJson object at 0x114853fd0>, <snowplow_tracker.self_describing_json.SelfDescribingJson object at 0x114851e90>]}


============================== 15:21:42.448218 | b593cd0f-c8b3-48cb-a1d1-1f4d4172259c ==============================
[0m15:21:42.448218 [info ] [MainThread]: Running with dbt=1.7.6
[0m15:21:42.448531 [debug] [MainThread]: running dbt with arguments {'printer_width': '80', 'indirect_selection': 'eager', 'log_cache_events': 'False', 'write_json': 'True', 'partial_parse': 'True', 'cache_selected_only': 'False', 'warn_error': 'None', 'debug': 'False', 'profiles_dir': '/Users/mattromano/.dbt', 'log_path': '/Users/mattromano/Desktop/repos/fsc-evm/logs', 'version_check': 'True', 'fail_fast': 'False', 'use_colors': 'True', 'use_experimental_parser': 'False', 'no_print': 'None', 'quiet': 'False', 'log_format': 'default', 'introspect': 'True', 'static_parser': 'True', 'invocation_command': 'dbt docs generate', 'target_path': 'None', 'warn_error_options': 'WarnErrorOptions(include=[], exclude=[])', 'send_anonymous_usage_stats': 'True'}
[0m15:21:43.090950 [debug] [MainThread]: Sending event: {'category': 'dbt', 'action': 'project_id', 'label': 'b593cd0f-c8b3-48cb-a1d1-1f4d4172259c', 'context': [<snowplow_tracker.self_describing_json.SelfDescribingJson object at 0x1328d6850>]}
[0m15:21:43.128114 [debug] [MainThread]: Sending event: {'category': 'dbt', 'action': 'adapter_info', 'label': 'b593cd0f-c8b3-48cb-a1d1-1f4d4172259c', 'context': [<snowplow_tracker.self_describing_json.SelfDescribingJson object at 0x115446390>]}
[0m15:21:43.129732 [info ] [MainThread]: Registered adapter: snowflake=1.7.0
[0m15:21:43.144506 [debug] [MainThread]: checksum: d62e513342251256fdf8c77c78ccf3e0bf76720e6e4e8384a98b7479399def9a, vars: {}, profile: , target: , version: 1.7.6
[0m15:21:43.144980 [info ] [MainThread]: Unable to do partial parsing because saved manifest not found. Starting full parse.
[0m15:21:43.145519 [debug] [MainThread]: Sending event: {'category': 'dbt', 'action': 'partial_parser', 'label': 'b593cd0f-c8b3-48cb-a1d1-1f4d4172259c', 'context': [<snowplow_tracker.self_describing_json.SelfDescribingJson object at 0x11486e510>]}
[0m15:21:43.590420 [warn ] [MainThread]: [[33mWARNING[0m]: Configuration paths exist in your dbt_project.yml file which do not apply to any resources.
There are 2 unused configuration paths:
- models
- tests
[0m15:21:43.591758 [error] [MainThread]: Encountered an error:
Compilation Error
  'dbt_snowflake_query_tags' is undefined
[0m15:21:43.592720 [debug] [MainThread]: Resource report: {"command_name": "generate", "command_wall_clock_time": 1.1755013, "process_user_time": 1.483212, "process_kernel_time": 0.172232, "process_mem_max_rss": "168198144", "command_success": false, "process_in_blocks": "0", "process_out_blocks": "0"}
[0m15:21:43.593011 [debug] [MainThread]: Command `dbt docs generate` failed at 15:21:43.592958 after 1.18 seconds
[0m15:21:43.593192 [debug] [MainThread]: Sending event: {'category': 'dbt', 'action': 'invocation', 'label': 'end', 'context': [<snowplow_tracker.self_describing_json.SelfDescribingJson object at 0x114853550>, <snowplow_tracker.self_describing_json.SelfDescribingJson object at 0x1148533d0>, <snowplow_tracker.self_describing_json.SelfDescribingJson object at 0x132d64d50>]}
[0m15:21:43.593366 [debug] [MainThread]: Flushing usage events
